ERROR - 2025-08-10 20:44:44 --> mysqli_sql_exception: Table 'webin2605922_7rjk4k.rise_' doesn't exist in /htdocs/location/system/Database/MySQLi/Connection.php:327
Stack trace:
#0 /htdocs/location/system/Database/MySQLi/Connection.php(327): mysqli->query('SELECT `rise_`....', 0)
#1 /htdocs/location/system/Database/BaseConnection.php(738): CodeIgniter\Database\MySQLi\Connection->execute('SELECT `rise_`....')
#2 /htdocs/location/system/Database/BaseConnection.php(652): CodeIgniter\Database\BaseConnection->simpleQuery('SELECT `rise_`....')
#3 /htdocs/location/system/Database/BaseBuilder.php(1649): CodeIgniter\Database\BaseConnection->query('SELECT `rise_`....', Array, false)
#4 /htdocs/location/app/Models/Voitures_contrat_model.php(62): CodeIgniter\Database\BaseBuilder->get()
#5 /htdocs/location/app/Controllers/Voitures_contrat.php(110): App\Models\Voitures_contrat_model->get_details()
#6 /htdocs/location/system/CodeIgniter.php(933): App\Controllers\Voitures_contrat->list_data()
#7 /htdocs/location/system/CodeIgniter.php(507): CodeIgniter\CodeIgniter->runController(Object(App\Controllers\Voitures_contrat))
#8 /htdocs/location/system/CodeIgniter.php(354): CodeIgniter\CodeIgniter->handleRequest(NULL, Object(Config\Cache), false)
#9 /htdocs/location/system/Boot.php(334): CodeIgniter\CodeIgniter->run()
#10 /htdocs/location/system/Boot.php(67): CodeIgniter\Boot::runCodeIgniter(Object(CodeIgniter\CodeIgniter))
#11 /htdocs/location/index.php(77): CodeIgniter\Boot::bootWeb(Object(Config\Paths))
#12 {main}
CRITICAL - 2025-08-10 20:44:44 --> Error: Call to a member function getResult() on false
[Method: POST, Route: voitures_contrat/list_data]
in APPPATH/Controllers/Voitures_contrat.php on line 110.
 1 SYSTEMPATH/CodeIgniter.php(933): App\Controllers\Voitures_contrat->list_data()
 2 SYSTEMPATH/CodeIgniter.php(507): CodeIgniter\CodeIgniter->runController(Object(App\Controllers\Voitures_contrat))
 3 SYSTEMPATH/CodeIgniter.php(354): CodeIgniter\CodeIgniter->handleRequest(null, Object(Config\Cache), false)
 4 SYSTEMPATH/Boot.php(334): CodeIgniter\CodeIgniter->run()
 5 SYSTEMPATH/Boot.php(67): CodeIgniter\Boot::runCodeIgniter(Object(CodeIgniter\CodeIgniter))
 6 FCPATH/index.php(77): CodeIgniter\Boot::bootWeb(Object(Config\Paths))
CRITICAL - 2025-08-10 20:53:22 --> Error: Class "Crud_model" not found
[Method: POST, Route: messages/count_notifications]
in APPPATH/Models/Voitures_contrat_model.php on line 6.
 1 SYSTEMPATH/Autoloader/Autoloader.php(316): include_once()
 2 SYSTEMPATH/Autoloader/Autoloader.php(295): CodeIgniter\Autoloader\Autoloader->includeFile('/htdocs/location/app/Models/Voitures_contrat_model.php')
 3 SYSTEMPATH/Autoloader/Autoloader.php(271): CodeIgniter\Autoloader\Autoloader->loadInNamespace('App\\Models\\Voitures_contrat_model')
 4 [internal function]: CodeIgniter\Autoloader\Autoloader->loadClass('App\\Models\\Voitures_contrat_model')
 5 SYSTEMPATH/Config/Factories.php(298): class_exists('App\\Models\\Voitures_contrat_model')
 6 SYSTEMPATH/Config/Factories.php(217): CodeIgniter\Config\Factories::locateClass([...], 'App\\Models\\Voitures_contrat_model')
 7 SYSTEMPATH/Config/Factories.php(160): CodeIgniter\Config\Factories::getDefinedInstance([...], 'App\\Models\\Voitures_contrat_model', [...])
 8 SYSTEMPATH/Common.php(804): CodeIgniter\Config\Factories::__callStatic('models', [...])
 9 APPPATH/Controllers/App_Controller.php(113): model('App\\Models\\Voitures_contrat_model')
10 APPPATH/Controllers/Security_Controller.php(21): App\Controllers\App_Controller->__construct()
11 APPPATH/Controllers/Messages.php(8): App\Controllers\Security_Controller->__construct()
12 SYSTEMPATH/CodeIgniter.php(903): App\Controllers\Messages->__construct()
13 SYSTEMPATH/CodeIgniter.php(498): CodeIgniter\CodeIgniter->createController()
14 SYSTEMPATH/CodeIgniter.php(354): CodeIgniter\CodeIgniter->handleRequest(null, Object(Config\Cache), false)
15 SYSTEMPATH/Boot.php(334): CodeIgniter\CodeIgniter->run()
16 SYSTEMPATH/Boot.php(67): CodeIgniter\Boot::runCodeIgniter(Object(CodeIgniter\CodeIgniter))
17 FCPATH/index.php(77): CodeIgniter\Boot::bootWeb(Object(Config\Paths))
CRITICAL - 2025-08-10 20:53:23 --> Error: Class "Crud_model" not found
[Method: GET, Route: voitures_contrat]
in APPPATH/Models/Voitures_contrat_model.php on line 6.
 1 SYSTEMPATH/Autoloader/Autoloader.php(316): include_once()
 2 SYSTEMPATH/Autoloader/Autoloader.php(295): CodeIgniter\Autoloader\Autoloader->includeFile('/htdocs/location/app/Models/Voitures_contrat_model.php')
 3 SYSTEMPATH/Autoloader/Autoloader.php(271): CodeIgniter\Autoloader\Autoloader->loadInNamespace('App\\Models\\Voitures_contrat_model')
 4 [internal function]: CodeIgniter\Autoloader\Autoloader->loadClass('App\\Models\\Voitures_contrat_model')
 5 SYSTEMPATH/Config/Factories.php(298): class_exists('App\\Models\\Voitures_contrat_model')
 6 SYSTEMPATH/Config/Factories.php(217): CodeIgniter\Config\Factories::locateClass([...], 'App\\Models\\Voitures_contrat_model')
 7 SYSTEMPATH/Config/Factories.php(160): CodeIgniter\Config\Factories::getDefinedInstance([...], 'App\\Models\\Voitures_contrat_model', [...])
 8 SYSTEMPATH/Common.php(804): CodeIgniter\Config\Factories::__callStatic('models', [...])
 9 APPPATH/Controllers/App_Controller.php(113): model('App\\Models\\Voitures_contrat_model')
10 APPPATH/Controllers/Security_Controller.php(21): App\Controllers\App_Controller->__construct()
11 APPPATH/Controllers/Voitures_contrat.php(13): App\Controllers\Security_Controller->__construct()
12 SYSTEMPATH/CodeIgniter.php(903): App\Controllers\Voitures_contrat->__construct()
13 SYSTEMPATH/CodeIgniter.php(498): CodeIgniter\CodeIgniter->createController()
14 SYSTEMPATH/CodeIgniter.php(354): CodeIgniter\CodeIgniter->handleRequest(null, Object(Config\Cache), false)
15 SYSTEMPATH/Boot.php(334): CodeIgniter\CodeIgniter->run()
16 SYSTEMPATH/Boot.php(67): CodeIgniter\Boot::runCodeIgniter(Object(CodeIgniter\CodeIgniter))
17 FCPATH/index.php(77): CodeIgniter\Boot::bootWeb(Object(Config\Paths))
CRITICAL - 2025-08-10 20:54:23 --> Error: Class "Crud_model" not found
[Method: GET, Route: voitures_contrat]
in APPPATH/Models/Voitures_contrat_model.php on line 6.
 1 SYSTEMPATH/Autoloader/Autoloader.php(316): include_once()
 2 SYSTEMPATH/Autoloader/Autoloader.php(295): CodeIgniter\Autoloader\Autoloader->includeFile('/htdocs/location/app/Models/Voitures_contrat_model.php')
 3 SYSTEMPATH/Autoloader/Autoloader.php(271): CodeIgniter\Autoloader\Autoloader->loadInNamespace('App\\Models\\Voitures_contrat_model')
 4 [internal function]: CodeIgniter\Autoloader\Autoloader->loadClass('App\\Models\\Voitures_contrat_model')
 5 SYSTEMPATH/Config/Factories.php(298): class_exists('App\\Models\\Voitures_contrat_model')
 6 SYSTEMPATH/Config/Factories.php(217): CodeIgniter\Config\Factories::locateClass([...], 'App\\Models\\Voitures_contrat_model')
 7 SYSTEMPATH/Config/Factories.php(160): CodeIgniter\Config\Factories::getDefinedInstance([...], 'App\\Models\\Voitures_contrat_model', [...])
 8 SYSTEMPATH/Common.php(804): CodeIgniter\Config\Factories::__callStatic('models', [...])
 9 APPPATH/Controllers/App_Controller.php(113): model('App\\Models\\Voitures_contrat_model')
10 APPPATH/Controllers/Security_Controller.php(21): App\Controllers\App_Controller->__construct()
11 APPPATH/Controllers/Voitures_contrat.php(13): App\Controllers\Security_Controller->__construct()
12 SYSTEMPATH/CodeIgniter.php(903): App\Controllers\Voitures_contrat->__construct()
13 SYSTEMPATH/CodeIgniter.php(498): CodeIgniter\CodeIgniter->createController()
14 SYSTEMPATH/CodeIgniter.php(354): CodeIgniter\CodeIgniter->handleRequest(null, Object(Config\Cache), false)
15 SYSTEMPATH/Boot.php(334): CodeIgniter\CodeIgniter->run()
16 SYSTEMPATH/Boot.php(67): CodeIgniter\Boot::runCodeIgniter(Object(CodeIgniter\CodeIgniter))
17 FCPATH/index.php(77): CodeIgniter\Boot::bootWeb(Object(Config\Paths))
ERROR - 2025-08-10 22:42:43 --> mysqli_sql_exception: Table 'webin2605922_7rjk4k.rise_rise_voitures_contrat' doesn't exist in /htdocs/location/system/Database/MySQLi/Connection.php:327
Stack trace:
#0 /htdocs/location/system/Database/MySQLi/Connection.php(327): mysqli->query('SELECT `rise_ri...', 0)
#1 /htdocs/location/system/Database/BaseConnection.php(738): CodeIgniter\Database\MySQLi\Connection->execute('SELECT `rise_ri...')
#2 /htdocs/location/system/Database/BaseConnection.php(652): CodeIgniter\Database\BaseConnection->simpleQuery('SELECT `rise_ri...')
#3 /htdocs/location/system/Database/BaseBuilder.php(1649): CodeIgniter\Database\BaseConnection->query('SELECT `rise_ri...', Array, false)
#4 /htdocs/location/app/Models/Voitures_contrat_model.php(65): CodeIgniter\Database\BaseBuilder->get()
#5 /htdocs/location/app/Controllers/Voitures_contrat.php(110): App\Models\Voitures_contrat_model->get_details()
#6 /htdocs/location/system/CodeIgniter.php(933): App\Controllers\Voitures_contrat->list_data()
#7 /htdocs/location/system/CodeIgniter.php(507): CodeIgniter\CodeIgniter->runController(Object(App\Controllers\Voitures_contrat))
#8 /htdocs/location/system/CodeIgniter.php(354): CodeIgniter\CodeIgniter->handleRequest(NULL, Object(Config\Cache), false)
#9 /htdocs/location/system/Boot.php(334): CodeIgniter\CodeIgniter->run()
#10 /htdocs/location/system/Boot.php(67): CodeIgniter\Boot::runCodeIgniter(Object(CodeIgniter\CodeIgniter))
#11 /htdocs/location/index.php(77): CodeIgniter\Boot::bootWeb(Object(Config\Paths))
#12 {main}
CRITICAL - 2025-08-10 22:42:43 --> Error: Call to a member function getResult() on false
[Method: POST, Route: voitures_contrat/list_data]
in APPPATH/Controllers/Voitures_contrat.php on line 110.
 1 SYSTEMPATH/CodeIgniter.php(933): App\Controllers\Voitures_contrat->list_data()
 2 SYSTEMPATH/CodeIgniter.php(507): CodeIgniter\CodeIgniter->runController(Object(App\Controllers\Voitures_contrat))
 3 SYSTEMPATH/CodeIgniter.php(354): CodeIgniter\CodeIgniter->handleRequest(null, Object(Config\Cache), false)
 4 SYSTEMPATH/Boot.php(334): CodeIgniter\CodeIgniter->run()
 5 SYSTEMPATH/Boot.php(67): CodeIgniter\Boot::runCodeIgniter(Object(CodeIgniter\CodeIgniter))
 6 FCPATH/index.php(77): CodeIgniter\Boot::bootWeb(Object(Config\Paths))
