CRITICAL - 2025-08-07 13:33:27 --> ErrorException: Undefined variable $module_voitures_enabled
[Method: GET, Route: dashboard/index/1]
in APPPATH/Libraries/Left_menu.php on line 104.
 1 APPPATH/Libraries/Left_menu.php(104): CodeIgniter\Debug\Exceptions->errorHandler(2, 'Undefined variable $module_voitures_enabled', '/htdocs/location/app/Libraries/Left_menu.php', 104)
 2 APPPATH/Libraries/Left_menu.php(597): App\Libraries\Left_menu->_get_sidebar_menu_items('default')
 3 APPPATH/Libraries/Left_menu.php(738): App\Libraries\Left_menu->_prepare_sidebar_menu_items('default')
 4 APPPATH/Libraries/Template.php(17): App\Libraries\Left_menu->rander_left_menu()
 5 APPPATH/Controllers/Dashboard.php(42): App\Libraries\Template->rander('dashboards/custom_dashboards/view', [...])
 6 SYSTEMPATH/CodeIgniter.php(933): App\Controllers\Dashboard->index('1')
 7 SYSTEMPATH/CodeIgniter.php(507): CodeIgniter\CodeIgniter->runController(Object(App\Controllers\Dashboard))
 8 SYSTEMPATH/CodeIgniter.php(354): CodeIgniter\CodeIgniter->handleRequest(null, Object(Config\Cache), false)
 9 SYSTEMPATH/Boot.php(334): CodeIgniter\CodeIgniter->run()
10 SYSTEMPATH/Boot.php(67): CodeIgniter\Boot::runCodeIgniter(Object(CodeIgniter\CodeIgniter))
11 FCPATH/index.php(77): CodeIgniter\Boot::bootWeb(Object(Config\Paths))
CRITICAL - 2025-08-07 13:33:49 --> ParseError: syntax error, unexpected token ";"
[Method: GET, Route: dashboard/index/1]
in APPPATH/Libraries/Left_menu.php on line 78.
 1 SYSTEMPATH/Autoloader/Autoloader.php(295): CodeIgniter\Autoloader\Autoloader->includeFile('/htdocs/location/app/Libraries/Left_menu.php')
 2 SYSTEMPATH/Autoloader/Autoloader.php(271): CodeIgniter\Autoloader\Autoloader->loadInNamespace('App\\Libraries\\Left_menu')
 3 APPPATH/Libraries/Template.php(16): CodeIgniter\Autoloader\Autoloader->loadClass('App\\Libraries\\Left_menu')
 4 APPPATH/Controllers/Dashboard.php(42): App\Libraries\Template->rander('dashboards/custom_dashboards/view', [...])
 5 SYSTEMPATH/CodeIgniter.php(933): App\Controllers\Dashboard->index('1')
 6 SYSTEMPATH/CodeIgniter.php(507): CodeIgniter\CodeIgniter->runController(Object(App\Controllers\Dashboard))
 7 SYSTEMPATH/CodeIgniter.php(354): CodeIgniter\CodeIgniter->handleRequest(null, Object(Config\Cache), false)
 8 SYSTEMPATH/Boot.php(334): CodeIgniter\CodeIgniter->run()
 9 SYSTEMPATH/Boot.php(67): CodeIgniter\Boot::runCodeIgniter(Object(CodeIgniter\CodeIgniter))
10 FCPATH/index.php(77): CodeIgniter\Boot::bootWeb(Object(Config\Paths))
CRITICAL - 2025-08-07 13:33:51 --> ParseError: syntax error, unexpected token ";"
[Method: GET, Route: dashboard/index/1]
in APPPATH/Libraries/Left_menu.php on line 78.
 1 SYSTEMPATH/Autoloader/Autoloader.php(295): CodeIgniter\Autoloader\Autoloader->includeFile('/htdocs/location/app/Libraries/Left_menu.php')
 2 SYSTEMPATH/Autoloader/Autoloader.php(271): CodeIgniter\Autoloader\Autoloader->loadInNamespace('App\\Libraries\\Left_menu')
 3 APPPATH/Libraries/Template.php(16): CodeIgniter\Autoloader\Autoloader->loadClass('App\\Libraries\\Left_menu')
 4 APPPATH/Controllers/Dashboard.php(42): App\Libraries\Template->rander('dashboards/custom_dashboards/view', [...])
 5 SYSTEMPATH/CodeIgniter.php(933): App\Controllers\Dashboard->index('1')
 6 SYSTEMPATH/CodeIgniter.php(507): CodeIgniter\CodeIgniter->runController(Object(App\Controllers\Dashboard))
 7 SYSTEMPATH/CodeIgniter.php(354): CodeIgniter\CodeIgniter->handleRequest(null, Object(Config\Cache), false)
 8 SYSTEMPATH/Boot.php(334): CodeIgniter\CodeIgniter->run()
 9 SYSTEMPATH/Boot.php(67): CodeIgniter\Boot::runCodeIgniter(Object(CodeIgniter\CodeIgniter))
10 FCPATH/index.php(77): CodeIgniter\Boot::bootWeb(Object(Config\Paths))
CRITICAL - 2025-08-07 13:34:04 --> ErrorException: Undefined variable $module_voitures_enabled
[Method: GET, Route: dashboard/index/1]
in APPPATH/Libraries/Left_menu.php on line 104.
 1 APPPATH/Libraries/Left_menu.php(104): CodeIgniter\Debug\Exceptions->errorHandler(2, 'Undefined variable $module_voitures_enabled', '/htdocs/location/app/Libraries/Left_menu.php', 104)
 2 APPPATH/Libraries/Left_menu.php(597): App\Libraries\Left_menu->_get_sidebar_menu_items('default')
 3 APPPATH/Libraries/Left_menu.php(738): App\Libraries\Left_menu->_prepare_sidebar_menu_items('default')
 4 APPPATH/Libraries/Template.php(17): App\Libraries\Left_menu->rander_left_menu()
 5 APPPATH/Controllers/Dashboard.php(42): App\Libraries\Template->rander('dashboards/custom_dashboards/view', [...])
 6 SYSTEMPATH/CodeIgniter.php(933): App\Controllers\Dashboard->index('1')
 7 SYSTEMPATH/CodeIgniter.php(507): CodeIgniter\CodeIgniter->runController(Object(App\Controllers\Dashboard))
 8 SYSTEMPATH/CodeIgniter.php(354): CodeIgniter\CodeIgniter->handleRequest(null, Object(Config\Cache), false)
 9 SYSTEMPATH/Boot.php(334): CodeIgniter\CodeIgniter->run()
10 SYSTEMPATH/Boot.php(67): CodeIgniter\Boot::runCodeIgniter(Object(CodeIgniter\CodeIgniter))
11 FCPATH/index.php(77): CodeIgniter\Boot::bootWeb(Object(Config\Paths))
CRITICAL - 2025-08-07 13:34:06 --> ErrorException: Undefined variable $module_voitures_enabled
[Method: GET, Route: dashboard/index/1]
in APPPATH/Libraries/Left_menu.php on line 104.
 1 APPPATH/Libraries/Left_menu.php(104): CodeIgniter\Debug\Exceptions->errorHandler(2, 'Undefined variable $module_voitures_enabled', '/htdocs/location/app/Libraries/Left_menu.php', 104)
 2 APPPATH/Libraries/Left_menu.php(597): App\Libraries\Left_menu->_get_sidebar_menu_items('default')
 3 APPPATH/Libraries/Left_menu.php(738): App\Libraries\Left_menu->_prepare_sidebar_menu_items('default')
 4 APPPATH/Libraries/Template.php(17): App\Libraries\Left_menu->rander_left_menu()
 5 APPPATH/Controllers/Dashboard.php(42): App\Libraries\Template->rander('dashboards/custom_dashboards/view', [...])
 6 SYSTEMPATH/CodeIgniter.php(933): App\Controllers\Dashboard->index('1')
 7 SYSTEMPATH/CodeIgniter.php(507): CodeIgniter\CodeIgniter->runController(Object(App\Controllers\Dashboard))
 8 SYSTEMPATH/CodeIgniter.php(354): CodeIgniter\CodeIgniter->handleRequest(null, Object(Config\Cache), false)
 9 SYSTEMPATH/Boot.php(334): CodeIgniter\CodeIgniter->run()
10 SYSTEMPATH/Boot.php(67): CodeIgniter\Boot::runCodeIgniter(Object(CodeIgniter\CodeIgniter))
11 FCPATH/index.php(77): CodeIgniter\Boot::bootWeb(Object(Config\Paths))
CRITICAL - 2025-08-07 13:34:16 --> ErrorException: Undefined variable $module_voitures_enabled
[Method: GET, Route: dashboard/index/1]
in APPPATH/Libraries/Left_menu.php on line 94.
 1 APPPATH/Libraries/Left_menu.php(94): CodeIgniter\Debug\Exceptions->errorHandler(2, 'Undefined variable $module_voitures_enabled', '/htdocs/location/app/Libraries/Left_menu.php', 94)
 2 APPPATH/Libraries/Left_menu.php(587): App\Libraries\Left_menu->_get_sidebar_menu_items('default')
 3 APPPATH/Libraries/Left_menu.php(728): App\Libraries\Left_menu->_prepare_sidebar_menu_items('default')
 4 APPPATH/Libraries/Template.php(17): App\Libraries\Left_menu->rander_left_menu()
 5 APPPATH/Controllers/Dashboard.php(42): App\Libraries\Template->rander('dashboards/custom_dashboards/view', [...])
 6 SYSTEMPATH/CodeIgniter.php(933): App\Controllers\Dashboard->index('1')
 7 SYSTEMPATH/CodeIgniter.php(507): CodeIgniter\CodeIgniter->runController(Object(App\Controllers\Dashboard))
 8 SYSTEMPATH/CodeIgniter.php(354): CodeIgniter\CodeIgniter->handleRequest(null, Object(Config\Cache), false)
 9 SYSTEMPATH/Boot.php(334): CodeIgniter\CodeIgniter->run()
10 SYSTEMPATH/Boot.php(67): CodeIgniter\Boot::runCodeIgniter(Object(CodeIgniter\CodeIgniter))
11 FCPATH/index.php(77): CodeIgniter\Boot::bootWeb(Object(Config\Paths))
CRITICAL - 2025-08-07 13:34:19 --> ErrorException: Undefined variable $module_voitures_enabled
[Method: GET, Route: dashboard/index/1]
in APPPATH/Libraries/Left_menu.php on line 94.
 1 APPPATH/Libraries/Left_menu.php(94): CodeIgniter\Debug\Exceptions->errorHandler(2, 'Undefined variable $module_voitures_enabled', '/htdocs/location/app/Libraries/Left_menu.php', 94)
 2 APPPATH/Libraries/Left_menu.php(587): App\Libraries\Left_menu->_get_sidebar_menu_items('default')
 3 APPPATH/Libraries/Left_menu.php(728): App\Libraries\Left_menu->_prepare_sidebar_menu_items('default')
 4 APPPATH/Libraries/Template.php(17): App\Libraries\Left_menu->rander_left_menu()
 5 APPPATH/Controllers/Dashboard.php(42): App\Libraries\Template->rander('dashboards/custom_dashboards/view', [...])
 6 SYSTEMPATH/CodeIgniter.php(933): App\Controllers\Dashboard->index('1')
 7 SYSTEMPATH/CodeIgniter.php(507): CodeIgniter\CodeIgniter->runController(Object(App\Controllers\Dashboard))
 8 SYSTEMPATH/CodeIgniter.php(354): CodeIgniter\CodeIgniter->handleRequest(null, Object(Config\Cache), false)
 9 SYSTEMPATH/Boot.php(334): CodeIgniter\CodeIgniter->run()
10 SYSTEMPATH/Boot.php(67): CodeIgniter\Boot::runCodeIgniter(Object(CodeIgniter\CodeIgniter))
11 FCPATH/index.php(77): CodeIgniter\Boot::bootWeb(Object(Config\Paths))
ERROR - 2025-08-07 13:43:01 --> mysqli_sql_exception: Unknown column 'total_general' in 'SELECT' in /htdocs/location/system/Database/MySQLi/Connection.php:327
Stack trace:
#0 /htdocs/location/system/Database/MySQLi/Connection.php(327): mysqli->query('SELECT SUM(`tot...', 0)
#1 /htdocs/location/system/Database/BaseConnection.php(738): CodeIgniter\Database\MySQLi\Connection->execute('SELECT SUM(`tot...')
#2 /htdocs/location/system/Database/BaseConnection.php(652): CodeIgniter\Database\BaseConnection->simpleQuery('SELECT SUM(`tot...')
#3 /htdocs/location/system/Database/BaseBuilder.php(1649): CodeIgniter\Database\BaseConnection->query('SELECT SUM(`tot...', Array, false)
#4 /htdocs/location/app/Models/Contrats_model.php(37): CodeIgniter\Database\BaseBuilder->get()
#5 /htdocs/location/app/Controllers/Contrats.php(27): App\Models\Contrats_model->get_contract_statistics()
#6 /htdocs/location/system/CodeIgniter.php(933): App\Controllers\Contrats->index()
#7 /htdocs/location/system/CodeIgniter.php(507): CodeIgniter\CodeIgniter->runController(Object(App\Controllers\Contrats))
#8 /htdocs/location/system/CodeIgniter.php(354): CodeIgniter\CodeIgniter->handleRequest(NULL, Object(Config\Cache), false)
#9 /htdocs/location/system/Boot.php(334): CodeIgniter\CodeIgniter->run()
#10 /htdocs/location/system/Boot.php(67): CodeIgniter\Boot::runCodeIgniter(Object(CodeIgniter\CodeIgniter))
#11 /htdocs/location/index.php(77): CodeIgniter\Boot::bootWeb(Object(Config\Paths))
#12 {main}
CRITICAL - 2025-08-07 13:43:01 --> Error: Call to a member function getRow() on false
[Method: GET, Route: contrats]
in APPPATH/Models/Contrats_model.php on line 37.
 1 APPPATH/Controllers/Contrats.php(27): App\Models\Contrats_model->get_contract_statistics()
 2 SYSTEMPATH/CodeIgniter.php(933): App\Controllers\Contrats->index()
 3 SYSTEMPATH/CodeIgniter.php(507): CodeIgniter\CodeIgniter->runController(Object(App\Controllers\Contrats))
 4 SYSTEMPATH/CodeIgniter.php(354): CodeIgniter\CodeIgniter->handleRequest(null, Object(Config\Cache), false)
 5 SYSTEMPATH/Boot.php(334): CodeIgniter\CodeIgniter->run()
 6 SYSTEMPATH/Boot.php(67): CodeIgniter\Boot::runCodeIgniter(Object(CodeIgniter\CodeIgniter))
 7 FCPATH/index.php(77): CodeIgniter\Boot::bootWeb(Object(Config\Paths))
ERROR - 2025-08-07 13:43:17 --> mysqli_sql_exception: Unknown column 'total_general' in 'SELECT' in /htdocs/location/system/Database/MySQLi/Connection.php:327
Stack trace:
#0 /htdocs/location/system/Database/MySQLi/Connection.php(327): mysqli->query('SELECT SUM(`tot...', 0)
#1 /htdocs/location/system/Database/BaseConnection.php(738): CodeIgniter\Database\MySQLi\Connection->execute('SELECT SUM(`tot...')
#2 /htdocs/location/system/Database/BaseConnection.php(652): CodeIgniter\Database\BaseConnection->simpleQuery('SELECT SUM(`tot...')
#3 /htdocs/location/system/Database/BaseBuilder.php(1649): CodeIgniter\Database\BaseConnection->query('SELECT SUM(`tot...', Array, false)
#4 /htdocs/location/app/Models/Contrats_model.php(37): CodeIgniter\Database\BaseBuilder->get()
#5 /htdocs/location/app/Controllers/Contrats.php(27): App\Models\Contrats_model->get_contract_statistics()
#6 /htdocs/location/system/CodeIgniter.php(933): App\Controllers\Contrats->index()
#7 /htdocs/location/system/CodeIgniter.php(507): CodeIgniter\CodeIgniter->runController(Object(App\Controllers\Contrats))
#8 /htdocs/location/system/CodeIgniter.php(354): CodeIgniter\CodeIgniter->handleRequest(NULL, Object(Config\Cache), false)
#9 /htdocs/location/system/Boot.php(334): CodeIgniter\CodeIgniter->run()
#10 /htdocs/location/system/Boot.php(67): CodeIgniter\Boot::runCodeIgniter(Object(CodeIgniter\CodeIgniter))
#11 /htdocs/location/index.php(77): CodeIgniter\Boot::bootWeb(Object(Config\Paths))
#12 {main}
CRITICAL - 2025-08-07 13:43:17 --> Error: Call to a member function getRow() on false
[Method: GET, Route: contrats]
in APPPATH/Models/Contrats_model.php on line 37.
 1 APPPATH/Controllers/Contrats.php(27): App\Models\Contrats_model->get_contract_statistics()
 2 SYSTEMPATH/CodeIgniter.php(933): App\Controllers\Contrats->index()
 3 SYSTEMPATH/CodeIgniter.php(507): CodeIgniter\CodeIgniter->runController(Object(App\Controllers\Contrats))
 4 SYSTEMPATH/CodeIgniter.php(354): CodeIgniter\CodeIgniter->handleRequest(null, Object(Config\Cache), false)
 5 SYSTEMPATH/Boot.php(334): CodeIgniter\CodeIgniter->run()
 6 SYSTEMPATH/Boot.php(67): CodeIgniter\Boot::runCodeIgniter(Object(CodeIgniter\CodeIgniter))
 7 FCPATH/index.php(77): CodeIgniter\Boot::bootWeb(Object(Config\Paths))
CRITICAL - 2025-08-07 13:49:42 --> ErrorException: Undefined variable $module_contrat_enabled
[Method: GET, Route: dashboard/index/1]
in APPPATH/Libraries/Left_menu.php on line 78.
 1 APPPATH/Libraries/Left_menu.php(78): CodeIgniter\Debug\Exceptions->errorHandler(2, 'Undefined variable $module_contrat_enabled', '/htdocs/location/app/Libraries/Left_menu.php', 78)
 2 APPPATH/Libraries/Left_menu.php(604): App\Libraries\Left_menu->_get_sidebar_menu_items('default')
 3 APPPATH/Libraries/Left_menu.php(745): App\Libraries\Left_menu->_prepare_sidebar_menu_items('default')
 4 APPPATH/Libraries/Template.php(17): App\Libraries\Left_menu->rander_left_menu()
 5 APPPATH/Controllers/Dashboard.php(42): App\Libraries\Template->rander('dashboards/custom_dashboards/view', [...])
 6 SYSTEMPATH/CodeIgniter.php(933): App\Controllers\Dashboard->index('1')
 7 SYSTEMPATH/CodeIgniter.php(507): CodeIgniter\CodeIgniter->runController(Object(App\Controllers\Dashboard))
 8 SYSTEMPATH/CodeIgniter.php(354): CodeIgniter\CodeIgniter->handleRequest(null, Object(Config\Cache), false)
 9 SYSTEMPATH/Boot.php(334): CodeIgniter\CodeIgniter->run()
10 SYSTEMPATH/Boot.php(67): CodeIgniter\Boot::runCodeIgniter(Object(CodeIgniter\CodeIgniter))
11 FCPATH/index.php(77): CodeIgniter\Boot::bootWeb(Object(Config\Paths))
CRITICAL - 2025-08-07 13:49:44 --> ErrorException: Undefined variable $module_contrat_enabled
[Method: GET, Route: dashboard/index/1]
in APPPATH/Libraries/Left_menu.php on line 78.
 1 APPPATH/Libraries/Left_menu.php(78): CodeIgniter\Debug\Exceptions->errorHandler(2, 'Undefined variable $module_contrat_enabled', '/htdocs/location/app/Libraries/Left_menu.php', 78)
 2 APPPATH/Libraries/Left_menu.php(604): App\Libraries\Left_menu->_get_sidebar_menu_items('default')
 3 APPPATH/Libraries/Left_menu.php(745): App\Libraries\Left_menu->_prepare_sidebar_menu_items('default')
 4 APPPATH/Libraries/Template.php(17): App\Libraries\Left_menu->rander_left_menu()
 5 APPPATH/Controllers/Dashboard.php(42): App\Libraries\Template->rander('dashboards/custom_dashboards/view', [...])
 6 SYSTEMPATH/CodeIgniter.php(933): App\Controllers\Dashboard->index('1')
 7 SYSTEMPATH/CodeIgniter.php(507): CodeIgniter\CodeIgniter->runController(Object(App\Controllers\Dashboard))
 8 SYSTEMPATH/CodeIgniter.php(354): CodeIgniter\CodeIgniter->handleRequest(null, Object(Config\Cache), false)
 9 SYSTEMPATH/Boot.php(334): CodeIgniter\CodeIgniter->run()
10 SYSTEMPATH/Boot.php(67): CodeIgniter\Boot::runCodeIgniter(Object(CodeIgniter\CodeIgniter))
11 FCPATH/index.php(77): CodeIgniter\Boot::bootWeb(Object(Config\Paths))
ERROR - 2025-08-07 14:18:58 --> mysqli_sql_exception: Duplicate entry 'aa-212-2024' for key 'immatriculation' in /htdocs/location/system/Database/MySQLi/Connection.php:327
Stack trace:
#0 /htdocs/location/system/Database/MySQLi/Connection.php(327): mysqli->query('INSERT INTO `ri...', 0)
#1 /htdocs/location/system/Database/BaseConnection.php(738): CodeIgniter\Database\MySQLi\Connection->execute('INSERT INTO `ri...')
#2 /htdocs/location/system/Database/BaseConnection.php(652): CodeIgniter\Database\BaseConnection->simpleQuery('INSERT INTO `ri...')
#3 /htdocs/location/system/Database/BaseBuilder.php(2345): CodeIgniter\Database\BaseConnection->query('INSERT INTO `ri...', Array, false)
#4 /htdocs/location/system/Model.php(394): CodeIgniter\Database\BaseBuilder->insert()
#5 /htdocs/location/system/BaseModel.php(843): CodeIgniter\Model->doInsert(Array)
#6 /htdocs/location/system/Model.php(800): CodeIgniter\BaseModel->insert(Array, false)
#7 /htdocs/location/system/BaseModel.php(754): CodeIgniter\Model->insert(Array, false)
#8 /htdocs/location/app/Controllers/Voitures_contrat.php(50): CodeIgniter\BaseModel->save(Array, '1')
#9 /htdocs/location/system/CodeIgniter.php(933): App\Controllers\Voitures_contrat->save()
#10 /htdocs/location/system/CodeIgniter.php(507): CodeIgniter\CodeIgniter->runController(Object(App\Controllers\Voitures_contrat))
#11 /htdocs/location/system/CodeIgniter.php(354): CodeIgniter\CodeIgniter->handleRequest(NULL, Object(Config\Cache), false)
#12 /htdocs/location/system/Boot.php(334): CodeIgniter\CodeIgniter->run()
#13 /htdocs/location/system/Boot.php(67): CodeIgniter\Boot::runCodeIgniter(Object(CodeIgniter\CodeIgniter))
#14 /htdocs/location/index.php(77): CodeIgniter\Boot::bootWeb(Object(Config\Paths))
#15 {main}
ERROR - 2025-08-07 14:19:07 --> mysqli_sql_exception: Duplicate entry 'aa-212-2024' for key 'immatriculation' in /htdocs/location/system/Database/MySQLi/Connection.php:327
Stack trace:
#0 /htdocs/location/system/Database/MySQLi/Connection.php(327): mysqli->query('INSERT INTO `ri...', 0)
#1 /htdocs/location/system/Database/BaseConnection.php(738): CodeIgniter\Database\MySQLi\Connection->execute('INSERT INTO `ri...')
#2 /htdocs/location/system/Database/BaseConnection.php(652): CodeIgniter\Database\BaseConnection->simpleQuery('INSERT INTO `ri...')
#3 /htdocs/location/system/Database/BaseBuilder.php(2345): CodeIgniter\Database\BaseConnection->query('INSERT INTO `ri...', Array, false)
#4 /htdocs/location/system/Model.php(394): CodeIgniter\Database\BaseBuilder->insert()
#5 /htdocs/location/system/BaseModel.php(843): CodeIgniter\Model->doInsert(Array)
#6 /htdocs/location/system/Model.php(800): CodeIgniter\BaseModel->insert(Array, false)
#7 /htdocs/location/system/BaseModel.php(754): CodeIgniter\Model->insert(Array, false)
#8 /htdocs/location/app/Controllers/Voitures_contrat.php(50): CodeIgniter\BaseModel->save(Array, '1')
#9 /htdocs/location/system/CodeIgniter.php(933): App\Controllers\Voitures_contrat->save()
#10 /htdocs/location/system/CodeIgniter.php(507): CodeIgniter\CodeIgniter->runController(Object(App\Controllers\Voitures_contrat))
#11 /htdocs/location/system/CodeIgniter.php(354): CodeIgniter\CodeIgniter->handleRequest(NULL, Object(Config\Cache), false)
#12 /htdocs/location/system/Boot.php(334): CodeIgniter\CodeIgniter->run()
#13 /htdocs/location/system/Boot.php(67): CodeIgniter\Boot::runCodeIgniter(Object(CodeIgniter\CodeIgniter))
#14 /htdocs/location/index.php(77): CodeIgniter\Boot::bootWeb(Object(Config\Paths))
#15 {main}
