CRITICAL - 2025-08-13 21:37:23 --> ErrorException: file_get_contents(?code=hhhhhhhhh&amp;domain=webingenius.com): Failed to open stream: No such file or directory
[Method: GET, Route: Updates]
in APPPATH/Controllers/Updates.php on line 70.
 1 [internal function]: CodeIgniter\Debug\Exceptions->errorHandler(2, 'file_get_contents(?code=hhhhhhhhh&amp;domain=webingenius.com): Failed to open stream: No such file or directory', '/htdocs/location/app/Controllers/Updates.php', 70)
 2 APPPATH/Controllers/Updates.php(70): file_get_contents('?code=hhhhhhhhh&domain=webingenius.com')
 3 APPPATH/Controllers/Updates.php(107): App\Controllers\Updates->_get_release_contents('?code=hhhhhhhhh&domain=webingenius.com')
 4 APPPATH/Controllers/Updates.php(14): App\Controllers\Updates->_get_updates_info()
 5 SYSTEMPATH/CodeIgniter.php(933): App\Controllers\Updates->index()
 6 SYSTEMPATH/CodeIgniter.php(507): CodeIgniter\CodeIgniter->runController(Object(App\Controllers\Updates))
 7 SYSTEMPATH/CodeIgniter.php(354): CodeIgniter\CodeIgniter->handleRequest(null, Object(Config\Cache), false)
 8 SYSTEMPATH/Boot.php(334): CodeIgniter\CodeIgniter->run()
 9 SYSTEMPATH/Boot.php(67): CodeIgniter\Boot::runCodeIgniter(Object(CodeIgniter\CodeIgniter))
10 FCPATH/index.php(77): CodeIgniter\Boot::bootWeb(Object(Config\Paths))
CRITICAL - 2025-08-13 21:37:52 --> CodeIgniter\HTTP\Exceptions\BadRequestException: The URI you submitted has disallowed characters: "{MESSAGE_URL}"
[Method: GET, Route: %7BMESSAGE_URL%7D]
in SYSTEMPATH/Router/Router.php on line 741.
 1 SYSTEMPATH/Router/Router.php(207): CodeIgniter\Router\Router->checkDisallowedChars('{MESSAGE_URL}')
 2 SYSTEMPATH/CodeIgniter.php(832): CodeIgniter\Router\Router->handle('{MESSAGE_URL}')
 3 SYSTEMPATH/CodeIgniter.php(455): CodeIgniter\CodeIgniter->tryToRouteIt(Object(CodeIgniter\Router\RouteCollection))
 4 SYSTEMPATH/CodeIgniter.php(354): CodeIgniter\CodeIgniter->handleRequest(null, Object(Config\Cache), false)
 5 SYSTEMPATH/Boot.php(334): CodeIgniter\CodeIgniter->run()
 6 SYSTEMPATH/Boot.php(67): CodeIgniter\Boot::runCodeIgniter(Object(CodeIgniter\CodeIgniter))
 7 FCPATH/index.php(77): CodeIgniter\Boot::bootWeb(Object(Config\Paths))
