CRITICAL - 2025-10-04 08:57:09 --> CodeIgniter\Exceptions\BadMethodCallException: Call to undefined method App\Models\Chauffeurs_model::get_active_chauffeurs
[Method: GET, Route: fuel_cards]
in SYSTEMPATH\Model.php on line 930.
 1 APPPATH\Controllers\Fuel_cards.php(48): CodeIgniter\Model->__call('get_active_chauffeurs', [])
 2 SYSTEMPATH\CodeIgniter.php(933): App\Controllers\Fuel_cards->index()
 3 SYSTEMPATH\CodeIgniter.php(507): CodeIgniter\CodeIgniter->runController(Object(App\Controllers\Fuel_cards))
 4 SYSTEMPATH\CodeIgniter.php(354): CodeIgniter\CodeIgniter->handleRequest(null, Object(Config\Cache), false)
 5 SYSTEMPATH\Boot.php(334): CodeIgniter\CodeIgniter->run()
 6 SYSTEMPATH\Boot.php(67): CodeIgniter\Boot::runCodeIgniter(Object(CodeIgniter\CodeIgniter))
 7 FCPATH\index.php(77): CodeIgniter\Boot::bootWeb(Object(Config\Paths))
CRITICAL - 2025-10-04 08:57:35 --> CodeIgniter\Exceptions\BadMethodCallException: Call to undefined method App\Models\Chauffeurs_model::get_active_chauffeurs
[Method: GET, Route: fuel_cards]
in SYSTEMPATH\Model.php on line 930.
 1 APPPATH\Controllers\Fuel_cards.php(48): CodeIgniter\Model->__call('get_active_chauffeurs', [])
 2 SYSTEMPATH\CodeIgniter.php(933): App\Controllers\Fuel_cards->index()
 3 SYSTEMPATH\CodeIgniter.php(507): CodeIgniter\CodeIgniter->runController(Object(App\Controllers\Fuel_cards))
 4 SYSTEMPATH\CodeIgniter.php(354): CodeIgniter\CodeIgniter->handleRequest(null, Object(Config\Cache), false)
 5 SYSTEMPATH\Boot.php(334): CodeIgniter\CodeIgniter->run()
 6 SYSTEMPATH\Boot.php(67): CodeIgniter\Boot::runCodeIgniter(Object(CodeIgniter\CodeIgniter))
 7 FCPATH\index.php(77): CodeIgniter\Boot::bootWeb(Object(Config\Paths))
CRITICAL - 2025-10-04 09:26:53 --> ErrorException: Cannot redeclare App\Controllers\Fuel_cards::add()
[Method: GET, Route: fuel_cards/add]
in APPPATH\Controllers\Fuel_cards.php on line 122.
 1 [internal function]: CodeIgniter\Debug\Exceptions->shutdownHandler()
CRITICAL - 2025-10-04 09:27:03 --> ErrorException: Cannot redeclare App\Controllers\Fuel_cards::add()
[Method: GET, Route: fuel_cards/add]
in APPPATH\Controllers\Fuel_cards.php on line 122.
 1 [internal function]: CodeIgniter\Debug\Exceptions->shutdownHandler()
CRITICAL - 2025-10-04 09:27:03 --> ErrorException: Cannot redeclare App\Controllers\Fuel_cards::add()
[Method: GET, Route: fuel_cards/add]
in APPPATH\Controllers\Fuel_cards.php on line 122.
 1 [internal function]: CodeIgniter\Debug\Exceptions->shutdownHandler()
CRITICAL - 2025-10-04 09:27:04 --> ErrorException: Cannot redeclare App\Controllers\Fuel_cards::add()
[Method: GET, Route: fuel_cards/add]
in APPPATH\Controllers\Fuel_cards.php on line 122.
 1 [internal function]: CodeIgniter\Debug\Exceptions->shutdownHandler()
CRITICAL - 2025-10-04 09:27:04 --> ErrorException: Cannot redeclare App\Controllers\Fuel_cards::add()
[Method: GET, Route: fuel_cards/add]
in APPPATH\Controllers\Fuel_cards.php on line 122.
 1 [internal function]: CodeIgniter\Debug\Exceptions->shutdownHandler()
