CRITICAL - 2025-10-07 11:35:28 --> ErrorException: require_once(../config/database.php): Failed to open stream: No such file or directory
[Method: GET, Route: fuel_cards/add]
in APPPATH\Views\fuel_cards\add.php on line 2.
 1 APPPATH\Views\fuel_cards\add.php(2): CodeIgniter\Debug\Exceptions->errorHandler(2, 'require_once(../config/database.php): Failed to open stream: No such file or directory', 'L:\\xamp\\htdocs\\khalidi\\app\\Views\\fuel_cards\\add.php', 2)
 2 APPPATH\Views\fuel_cards\add.php(2): require_once()
 3 SYSTEMPATH\View\View.php(224): include('L:\\xamp\\htdocs\\khalidi\\app\\Views\\fuel_cards\\add.php')
 4 SYSTEMPATH\View\View.php(227): CodeIgniter\View\View->CodeIgniter\View\{closure}()
 5 SYSTEMPATH\Common.php(1173): CodeIgniter\View\View->render('fuel_cards/add', [], true)
 6 APPPATH\Views\layout\index.php(78): view('fuel_cards/add')
 7 SYSTEMPATH\View\View.php(224): include('L:\\xamp\\htdocs\\khalidi\\app\\Views\\layout\\index.php')
 8 SYSTEMPATH\View\View.php(227): CodeIgniter\View\View->CodeIgniter\View\{closure}()
 9 SYSTEMPATH\Common.php(1173): CodeIgniter\View\View->render('layout/index', [], true)
10 APPPATH\Libraries\Template.php(38): view('layout/index', [...])
11 APPPATH\Libraries\Template.php(22): App\Libraries\Template->view('layout/index', [...])
12 APPPATH\Controllers\Fuel_cards.php(117): App\Libraries\Template->rander('fuel_cards/add', [...])
13 SYSTEMPATH\CodeIgniter.php(933): App\Controllers\Fuel_cards->add()
14 SYSTEMPATH\CodeIgniter.php(507): CodeIgniter\CodeIgniter->runController(Object(App\Controllers\Fuel_cards))
15 SYSTEMPATH\CodeIgniter.php(354): CodeIgniter\CodeIgniter->handleRequest(null, Object(Config\Cache), false)
16 SYSTEMPATH\Boot.php(334): CodeIgniter\CodeIgniter->run()
17 SYSTEMPATH\Boot.php(67): CodeIgniter\Boot::runCodeIgniter(Object(CodeIgniter\CodeIgniter))
18 FCPATH\index.php(77): CodeIgniter\Boot::bootWeb(Object(Config\Paths))
CRITICAL - 2025-10-07 11:36:19 --> ErrorException: require_once(../config/database.php): Failed to open stream: No such file or directory
[Method: GET, Route: fuel_cards/add]
in APPPATH\Views\fuel_cards\add.php on line 2.
 1 APPPATH\Views\fuel_cards\add.php(2): CodeIgniter\Debug\Exceptions->errorHandler(2, 'require_once(../config/database.php): Failed to open stream: No such file or directory', 'L:\\xamp\\htdocs\\khalidi\\app\\Views\\fuel_cards\\add.php', 2)
 2 APPPATH\Views\fuel_cards\add.php(2): require_once()
 3 SYSTEMPATH\View\View.php(224): include('L:\\xamp\\htdocs\\khalidi\\app\\Views\\fuel_cards\\add.php')
 4 SYSTEMPATH\View\View.php(227): CodeIgniter\View\View->CodeIgniter\View\{closure}()
 5 SYSTEMPATH\Common.php(1173): CodeIgniter\View\View->render('fuel_cards/add', [], true)
 6 APPPATH\Views\layout\index.php(78): view('fuel_cards/add')
 7 SYSTEMPATH\View\View.php(224): include('L:\\xamp\\htdocs\\khalidi\\app\\Views\\layout\\index.php')
 8 SYSTEMPATH\View\View.php(227): CodeIgniter\View\View->CodeIgniter\View\{closure}()
 9 SYSTEMPATH\Common.php(1173): CodeIgniter\View\View->render('layout/index', [], true)
10 APPPATH\Libraries\Template.php(38): view('layout/index', [...])
11 APPPATH\Libraries\Template.php(22): App\Libraries\Template->view('layout/index', [...])
12 APPPATH\Controllers\Fuel_cards.php(117): App\Libraries\Template->rander('fuel_cards/add', [...])
13 SYSTEMPATH\CodeIgniter.php(933): App\Controllers\Fuel_cards->add()
14 SYSTEMPATH\CodeIgniter.php(507): CodeIgniter\CodeIgniter->runController(Object(App\Controllers\Fuel_cards))
15 SYSTEMPATH\CodeIgniter.php(354): CodeIgniter\CodeIgniter->handleRequest(null, Object(Config\Cache), false)
16 SYSTEMPATH\Boot.php(334): CodeIgniter\CodeIgniter->run()
17 SYSTEMPATH\Boot.php(67): CodeIgniter\Boot::runCodeIgniter(Object(CodeIgniter\CodeIgniter))
18 FCPATH\index.php(77): CodeIgniter\Boot::bootWeb(Object(Config\Paths))
CRITICAL - 2025-10-07 11:36:21 --> ErrorException: require_once(../config/database.php): Failed to open stream: No such file or directory
[Method: GET, Route: fuel_cards/add]
in APPPATH\Views\fuel_cards\add.php on line 2.
 1 APPPATH\Views\fuel_cards\add.php(2): CodeIgniter\Debug\Exceptions->errorHandler(2, 'require_once(../config/database.php): Failed to open stream: No such file or directory', 'L:\\xamp\\htdocs\\khalidi\\app\\Views\\fuel_cards\\add.php', 2)
 2 APPPATH\Views\fuel_cards\add.php(2): require_once()
 3 SYSTEMPATH\View\View.php(224): include('L:\\xamp\\htdocs\\khalidi\\app\\Views\\fuel_cards\\add.php')
 4 SYSTEMPATH\View\View.php(227): CodeIgniter\View\View->CodeIgniter\View\{closure}()
 5 SYSTEMPATH\Common.php(1173): CodeIgniter\View\View->render('fuel_cards/add', [], true)
 6 APPPATH\Views\layout\index.php(78): view('fuel_cards/add')
 7 SYSTEMPATH\View\View.php(224): include('L:\\xamp\\htdocs\\khalidi\\app\\Views\\layout\\index.php')
 8 SYSTEMPATH\View\View.php(227): CodeIgniter\View\View->CodeIgniter\View\{closure}()
 9 SYSTEMPATH\Common.php(1173): CodeIgniter\View\View->render('layout/index', [], true)
10 APPPATH\Libraries\Template.php(38): view('layout/index', [...])
11 APPPATH\Libraries\Template.php(22): App\Libraries\Template->view('layout/index', [...])
12 APPPATH\Controllers\Fuel_cards.php(117): App\Libraries\Template->rander('fuel_cards/add', [...])
13 SYSTEMPATH\CodeIgniter.php(933): App\Controllers\Fuel_cards->add()
14 SYSTEMPATH\CodeIgniter.php(507): CodeIgniter\CodeIgniter->runController(Object(App\Controllers\Fuel_cards))
15 SYSTEMPATH\CodeIgniter.php(354): CodeIgniter\CodeIgniter->handleRequest(null, Object(Config\Cache), false)
16 SYSTEMPATH\Boot.php(334): CodeIgniter\CodeIgniter->run()
17 SYSTEMPATH\Boot.php(67): CodeIgniter\Boot::runCodeIgniter(Object(CodeIgniter\CodeIgniter))
18 FCPATH\index.php(77): CodeIgniter\Boot::bootWeb(Object(Config\Paths))
CRITICAL - 2025-10-07 11:36:23 --> ErrorException: require_once(../config/database.php): Failed to open stream: No such file or directory
[Method: GET, Route: fuel_cards/add]
in APPPATH\Views\fuel_cards\add.php on line 2.
 1 APPPATH\Views\fuel_cards\add.php(2): CodeIgniter\Debug\Exceptions->errorHandler(2, 'require_once(../config/database.php): Failed to open stream: No such file or directory', 'L:\\xamp\\htdocs\\khalidi\\app\\Views\\fuel_cards\\add.php', 2)
 2 APPPATH\Views\fuel_cards\add.php(2): require_once()
 3 SYSTEMPATH\View\View.php(224): include('L:\\xamp\\htdocs\\khalidi\\app\\Views\\fuel_cards\\add.php')
 4 SYSTEMPATH\View\View.php(227): CodeIgniter\View\View->CodeIgniter\View\{closure}()
 5 SYSTEMPATH\Common.php(1173): CodeIgniter\View\View->render('fuel_cards/add', [], true)
 6 APPPATH\Views\layout\index.php(78): view('fuel_cards/add')
 7 SYSTEMPATH\View\View.php(224): include('L:\\xamp\\htdocs\\khalidi\\app\\Views\\layout\\index.php')
 8 SYSTEMPATH\View\View.php(227): CodeIgniter\View\View->CodeIgniter\View\{closure}()
 9 SYSTEMPATH\Common.php(1173): CodeIgniter\View\View->render('layout/index', [], true)
10 APPPATH\Libraries\Template.php(38): view('layout/index', [...])
11 APPPATH\Libraries\Template.php(22): App\Libraries\Template->view('layout/index', [...])
12 APPPATH\Controllers\Fuel_cards.php(117): App\Libraries\Template->rander('fuel_cards/add', [...])
13 SYSTEMPATH\CodeIgniter.php(933): App\Controllers\Fuel_cards->add()
14 SYSTEMPATH\CodeIgniter.php(507): CodeIgniter\CodeIgniter->runController(Object(App\Controllers\Fuel_cards))
15 SYSTEMPATH\CodeIgniter.php(354): CodeIgniter\CodeIgniter->handleRequest(null, Object(Config\Cache), false)
16 SYSTEMPATH\Boot.php(334): CodeIgniter\CodeIgniter->run()
17 SYSTEMPATH\Boot.php(67): CodeIgniter\Boot::runCodeIgniter(Object(CodeIgniter\CodeIgniter))
18 FCPATH\index.php(77): CodeIgniter\Boot::bootWeb(Object(Config\Paths))
